<?xml version="1.0" encoding="UTF-8"?>
<!-- Generated by org.testng.reporters.JUnitReportReporter -->
<testsuite hostname="LAPTOP-VLQIA0J0" failures="0" tests="3" name="testCases.TS001_LoginTestCases" time="4.530" errors="0" timestamp="2025-06-13T16:06:59 IST" skipped="0">
  <testcase classname="testCases.TS001_LoginTestCases" name="loginWithEmptyUsernameAndPassword" time="0.962"/>
  <testcase classname="testCases.TS001_LoginTestCases" name="loginWithInvalidUsernameAndPassword" time="1.651"/>
  <testcase classname="testCases.TS001_LoginTestCases" name="loginWithValidUsernameAndValidPassword" time="1.917"/>
</testsuite> <!-- testCases.TS001_LoginTestCases -->
