<?xml version="1.0" encoding="UTF-8"?>
<!-- Generated by org.testng.reporters.JUnitReportReporter -->
<testsuite hostname="LAPTOP-VLQIA0J0" failures="0" tests="1" name="baseTest.BaseTest" time="0.015" errors="0" timestamp="2025-06-13T11:46:25 IST" skipped="0">
  <testcase classname="baseTest.BaseTest" name="test" time="0.015"/>
</testsuite> <!-- baseTest.BaseTest -->
